<?xml version="1.0" encoding="UTF-8"?>
<!-- Generated by org.testng.reporters.JUnitReportReporter -->
<testsuite hostname="DESKTOP-73T17CU" failures="0" tests="1" name="driverFactory.AppTest" time="25.072" errors="0" timestamp="2024-02-01T16:26:36 IST" skipped="0">
  <testcase classname="driverFactory.AppTest" name="startTest" time="25.072">
    <system-out>
      <![CDATA[No of rows are::5
Username and password are Valid::dashboard------http://webapp.qedgetech.com/dashboard.php
Incorrect user ID or password-----dashboard--------http://webapp.qedgetech.com/login.php
Username and password are Valid::dashboard------http://webapp.qedgetech.com/dashboard.php
Incorrect user ID or password-----dashboard--------http://webapp.qedgetech.com/login.php
Username and password are Valid::dashboard------http://webapp.qedgetech.com/dashboard.php]]>
    </system-out>
  </testcase> <!-- startTest -->
  <system-out>
    <![CDATA[No of rows are::5
Username and password are Valid::dashboard------http://webapp.qedgetech.com/dashboard.php
Incorrect user ID or password-----dashboard--------http://webapp.qedgetech.com/login.php
Username and password are Valid::dashboard------http://webapp.qedgetech.com/dashboard.php
Incorrect user ID or password-----dashboard--------http://webapp.qedgetech.com/login.php
Username and password are Valid::dashboard------http://webapp.qedgetech.com/dashboard.php]]>
  </system-out>
</testsuite> <!-- driverFactory.AppTest -->
